# JRE version: Java(TM) SE Runtime Environment (8.0_301-b09) (build 1.8.0_301-b09)
# Java VM: Java HotSpot(TM) 64-Bit Server VM (25.301-b09 mixed mode windows-amd64 compressed oops)
Heap:
 PSYoungGen      total 282624K, used 137606K [0x00000000d5580000, 0x00000000ea180000, 0x0000000100000000)
  eden space 248832K, 42% used [0x00000000d5580000,0x00000000dbc87fa0,0x00000000e4880000)
  from space 33792K, 95% used [0x00000000e6e00000,0x00000000e8d59c40,0x00000000e8f00000)
  to   space 38400K, 0% used [0x00000000e4880000,0x00000000e4880000,0x00000000e6e00000)
 ParOldGen       total 134144K, used 69597K [0x0000000080000000, 0x0000000088300000, 0x00000000d5580000)
  object space 134144K, 51% used [0x0000000080000000,0x00000000843f7428,0x0000000088300000)
 Metaspace       used 90483K, capacity 95738K, committed 95872K, reserved 1132544K
  class space    used 12126K, capacity 13087K, committed 13184K, reserved 1048576K
GC Heap History (10 events):
Event: 2000.367 GC heap before
{Heap before GC invocations=17 (full 3):
 PSYoungGen      total 176640K, used 172215K [0x00000000d5580000, 0x00000000e3180000, 0x0000000100000000)
  eden space 157184K, 100% used [0x00000000d5580000,0x00000000def00000,0x00000000def00000)
  from space 19456K, 77% used [0x00000000def00000,0x00000000dfdadcc0,0x00000000e0200000)
  to   space 20992K, 0% used [0x00000000e1d00000,0x00000000e1d00000,0x00000000e3180000)
 ParOldGen       total 134144K, used 34676K [0x0000000080000000, 0x0000000088300000, 0x00000000d5580000)
  object space 134144K, 25% used [0x0000000080000000,0x00000000821dd088,0x0000000088300000)
 Metaspace       used 69166K, capacity 73020K, committed 73216K, reserved 1112064K
  class space    used 9479K, capacity 10196K, committed 10240K, reserved 1048576K
Event: 2000.396 GC heap after
Heap after GC invocations=17 (full 3):
 PSYoungGen      total 200704K, used 20985K [0x00000000d5580000, 0x00000000e3680000, 0x0000000100000000)
  eden space 179712K, 0% used [0x00000000d5580000,0x00000000d5580000,0x00000000e0500000)
  from space 20992K, 99% used [0x00000000e1d00000,0x00000000e317e4e0,0x00000000e3180000)
  to   space 24576K, 0% used [0x00000000e0500000,0x00000000e0500000,0x00000000e1d00000)
 ParOldGen       total 134144K, used 37236K [0x0000000080000000, 0x0000000088300000, 0x00000000d5580000)
  object space 134144K, 27% used [0x0000000080000000,0x000000008245d128,0x0000000088300000)
 Metaspace       used 69166K, capacity 73020K, committed 73216K, reserved 1112064K
  class space    used 9479K, capacity 10196K, committed 10240K, reserved 1048576K
}
Event: 2006.477 GC heap before
{Heap before GC invocations=18 (full 3):
 PSYoungGen      total 200704K, used 200697K [0x00000000d5580000, 0x00000000e3680000, 0x0000000100000000)
  eden space 179712K, 100% used [0x00000000d5580000,0x00000000e0500000,0x00000000e0500000)
  from space 20992K, 99% used [0x00000000e1d00000,0x00000000e317e4e0,0x00000000e3180000)
  to   space 24576K, 0% used [0x00000000e0500000,0x00000000e0500000,0x00000000e1d00000)
 ParOldGen       total 134144K, used 37236K [0x0000000080000000, 0x0000000088300000, 0x00000000d5580000)
  object space 134144K, 27% used [0x0000000080000000,0x000000008245d128,0x0000000088300000)
 Metaspace       used 73747K, capacity 77756K, committed 78080K, reserved 1116160K
  class space    used 9985K, capacity 10724K, committed 10752K, reserved 1048576K
Event: 2006.570 GC heap after
Heap after GC invocations=18 (full 3):
 PSYoungGen      total 204288K, used 21817K [0x00000000d5580000, 0x00000000e5680000, 0x0000000100000000)
  eden space 179712K, 0% used [0x00000000d5580000,0x00000000d5580000,0x00000000e0500000)
  from space 24576K, 88% used [0x00000000e0500000,0x00000000e1a4e4b0,0x00000000e1d00000)
  to   space 27136K, 0% used [0x00000000e3c00000,0x00000000e3c00000,0x00000000e5680000)
 ParOldGen       total 134144K, used 57736K [0x0000000080000000, 0x0000000088300000, 0x00000000d5580000)
  object space 134144K, 43% used [0x0000000080000000,0x0000000083862240,0x0000000088300000)
 Metaspace       used 73747K, capacity 77756K, committed 78080K, reserved 1116160K
  class space    used 9985K, capacity 10724K, committed 10752K, reserved 1048576K
}
Event: 2012.365 GC heap before
{Heap before GC invocations=19 (full 3):
 PSYoungGen      total 204288K, used 201529K [0x00000000d5580000, 0x00000000e5680000, 0x0000000100000000)
  eden space 179712K, 100% used [0x00000000d5580000,0x00000000e0500000,0x00000000e0500000)
  from space 24576K, 88% used [0x00000000e0500000,0x00000000e1a4e4b0,0x00000000e1d00000)
  to   space 27136K, 0% used [0x00000000e3c00000,0x00000000e3c00000,0x00000000e5680000)
 ParOldGen       total 134144K, used 57736K [0x0000000080000000, 0x0000000088300000, 0x00000000d5580000)
  object space 134144K, 43% used [0x0000000080000000,0x0000000083862240,0x0000000088300000)
 Metaspace       used 85196K, capacity 89802K, committed 89984K, reserved 1126400K
  class space    used 11546K, capacity 12403K, committed 12416K, reserved 1048576K
Event: 2012.389 GC heap after
Heap after GC invocations=19 (full 3):
 PSYoungGen      total 231936K, used 20219K [0x00000000d5580000, 0x00000000e5600000, 0x0000000100000000)
  eden space 205312K, 0% used [0x00000000d5580000,0x00000000d5580000,0x00000000e1e00000)
  from space 26624K, 75% used [0x00000000e3c00000,0x00000000e4fbee40,0x00000000e5600000)
  to   space 28672K, 0% used [0x00000000e1e00000,0x00000000e1e00000,0x00000000e3a00000)
 ParOldGen       total 134144K, used 57744K [0x0000000080000000, 0x0000000088300000, 0x00000000d5580000)
  object space 134144K, 43% used [0x0000000080000000,0x0000000083864240,0x0000000088300000)
 Metaspace       used 85196K, capacity 89802K, committed 89984K, reserved 1126400K
  class space    used 11546K, capacity 12403K, committed 12416K, reserved 1048576K
}
Event: 2014.259 GC heap before
{Heap before GC invocations=20 (full 3):
 PSYoungGen      total 231936K, used 225531K [0x00000000d5580000, 0x00000000e5600000, 0x0000000100000000)
  eden space 205312K, 100% used [0x00000000d5580000,0x00000000e1e00000,0x00000000e1e00000)
  from space 26624K, 75% used [0x00000000e3c00000,0x00000000e4fbee40,0x00000000e5600000)
  to   space 28672K, 0% used [0x00000000e1e00000,0x00000000e1e00000,0x00000000e3a00000)
 ParOldGen       total 134144K, used 57744K [0x0000000080000000, 0x0000000088300000, 0x00000000d5580000)
  object space 134144K, 43% used [0x0000000080000000,0x0000000083864240,0x0000000088300000)
 Metaspace       used 89547K, capacity 94668K, committed 94720K, reserved 1130496K
  class space    used 12084K, capacity 13024K, committed 13056K, reserved 1048576K
Event: 2014.581 GC heap after
Heap after GC invocations=20 (full 3):
 PSYoungGen      total 233984K, used 28656K [0x00000000d5580000, 0x00000000e8f00000, 0x0000000100000000)
  eden space 205312K, 0% used [0x00000000d5580000,0x00000000d5580000,0x00000000e1e00000)
  from space 28672K, 99% used [0x00000000e1e00000,0x00000000e39fc310,0x00000000e3a00000)
  to   space 33792K, 0% used [0x00000000e6e00000,0x00000000e6e00000,0x00000000e8f00000)
 ParOldGen       total 134144K, used 60180K [0x0000000080000000, 0x0000000088300000, 0x00000000d5580000)
  object space 134144K, 44% used [0x0000000080000000,0x0000000083ac5218,0x0000000088300000)
 Metaspace       used 89547K, capacity 94668K, committed 94720K, reserved 1130496K
  class space    used 12084K, capacity 13024K, committed 13056K, reserved 1048576K
}
Event: 2015.744 GC heap before
{Heap before GC invocations=21 (full 3):
 PSYoungGen      total 233984K, used 233968K [0x00000000d5580000, 0x00000000e8f00000, 0x0000000100000000)
  eden space 205312K, 100% used [0x00000000d5580000,0x00000000e1e00000,0x00000000e1e00000)
  from space 28672K, 99% used [0x00000000e1e00000,0x00000000e39fc310,0x00000000e3a00000)
  to   space 33792K, 0% used [0x00000000e6e00000,0x00000000e6e00000,0x00000000e8f00000)
 ParOldGen       total 134144K, used 60180K [0x0000000080000000, 0x0000000088300000, 0x00000000d5580000)
  object space 134144K, 44% used [0x0000000080000000,0x0000000083ac5218,0x0000000088300000)
 Metaspace       used 90324K, capacity 95578K, committed 95872K, reserved 1132544K
  class space    used 12125K, capacity 13085K, committed 13184K, reserved 1048576K
Event: 2015.974 GC heap after
Heap after GC invocations=21 (full 3):
 PSYoungGen      total 282624K, used 32103K [0x00000000d5580000, 0x00000000ea180000, 0x0000000100000000)
  eden space 248832K, 0% used [0x00000000d5580000,0x00000000d5580000,0x00000000e4880000)
  from space 33792K, 95% used [0x00000000e6e00000,0x00000000e8d59c40,0x00000000e8f00000)
  to   space 38400K, 0% used [0x00000000e4880000,0x00000000e4880000,0x00000000e6e00000)
 ParOldGen       total 134144K, used 69597K [0x0000000080000000, 0x0000000088300000, 0x00000000d5580000)
  object space 134144K, 51% used [0x0000000080000000,0x00000000843f7428,0x0000000088300000)
 Metaspace       used 90324K, capacity 95578K, committed 95872K, reserved 1132544K
  class space    used 12125K, capacity 13085K, committed 13184K, reserved 1048576K
}

