# JRE version: Java(TM) SE Runtime Environment (8.0_301-b09) (build 1.8.0_301-b09)
# Java VM: Java HotSpot(TM) 64-Bit Server VM (25.301-b09 mixed mode windows-amd64 compressed oops)
Heap:
 PSYoungGen      total 643072K, used 451602K [0x00000000d5580000, 0x0000000100000000, 0x0000000100000000)
  eden space 615936K, 68% used [0x00000000d5580000,0x00000000ef4078c8,0x00000000faf00000)
  from space 27136K, 99% used [0x00000000fe580000,0x00000000ffffd258,0x0000000100000000)
  to   space 41472K, 0% used [0x00000000faf00000,0x00000000faf00000,0x00000000fd780000)
 ParOldGen       total 227328K, used 109719K [0x0000000080000000, 0x000000008de00000, 0x00000000d5580000)
  object space 227328K, 48% used [0x0000000080000000,0x0000000086b25c88,0x000000008de00000)
 Metaspace       used 115266K, capacity 121110K, committed 121472K, reserved 1155072K
  class space    used 15000K, capacity 16122K, committed 16256K, reserved 1048576K
GC Heap History (10 events):
Event: 71.546 GC heap before
{Heap before GC invocations=24 (full 3):
 PSYoungGen      total 681984K, used 665715K [0x00000000d5580000, 0x00000000fff00000, 0x0000000100000000)
  eden space 667136K, 99% used [0x00000000d5580000,0x00000000fdf9cd40,0x00000000fe100000)
  from space 14848K, 0% used [0x00000000ff080000,0x00000000ff080000,0x00000000fff00000)
  to   space 15360K, 0% used [0x00000000fe100000,0x00000000fe100000,0x00000000ff000000)
 ParOldGen       total 115200K, used 32827K [0x0000000080000000, 0x0000000087080000, 0x00000000d5580000)
  object space 115200K, 28% used [0x0000000080000000,0x000000008200ecc0,0x0000000087080000)
 Metaspace       used 81796K, capacity 86816K, committed 86912K, reserved 1124352K
  class space    used 11117K, capacity 12064K, committed 12160K, reserved 1048576K
Event: 71.621 GC heap after
Heap after GC invocations=24 (full 3):
 PSYoungGen      total 682496K, used 15355K [0x00000000d5580000, 0x0000000100000000, 0x0000000100000000)
  eden space 667136K, 0% used [0x00000000d5580000,0x00000000d5580000,0x00000000fe100000)
  from space 15360K, 99% used [0x00000000fe100000,0x00000000feffef30,0x00000000ff000000)
  to   space 16384K, 0% used [0x00000000ff000000,0x00000000ff000000,0x0000000100000000)
 ParOldGen       total 115200K, used 61612K [0x0000000080000000, 0x0000000087080000, 0x00000000d5580000)
  object space 115200K, 53% used [0x0000000080000000,0x0000000083c2b2e0,0x0000000087080000)
 Metaspace       used 81796K, capacity 86816K, committed 86912K, reserved 1124352K
  class space    used 11117K, capacity 12064K, committed 12160K, reserved 1048576K
}
Event: 74.128 GC heap before
{Heap before GC invocations=25 (full 3):
 PSYoungGen      total 682496K, used 682491K [0x00000000d5580000, 0x0000000100000000, 0x0000000100000000)
  eden space 667136K, 100% used [0x00000000d5580000,0x00000000fe100000,0x00000000fe100000)
  from space 15360K, 99% used [0x00000000fe100000,0x00000000feffef30,0x00000000ff000000)
  to   space 16384K, 0% used [0x00000000ff000000,0x00000000ff000000,0x0000000100000000)
 ParOldGen       total 115200K, used 61612K [0x0000000080000000, 0x0000000087080000, 0x00000000d5580000)
  object space 115200K, 53% used [0x0000000080000000,0x0000000083c2b2e0,0x0000000087080000)
 Metaspace       used 85423K, capacity 90482K, committed 90624K, reserved 1128448K
  class space    used 11556K, capacity 12501K, committed 12544K, reserved 1048576K
Event: 74.158 GC heap after
Heap after GC invocations=25 (full 3):
 PSYoungGen      total 660992K, used 10030K [0x00000000d5580000, 0x0000000100000000, 0x0000000100000000)
  eden space 644608K, 0% used [0x00000000d5580000,0x00000000d5580000,0x00000000fcb00000)
  from space 16384K, 61% used [0x00000000ff000000,0x00000000ff9cbba0,0x0000000100000000)
  to   space 27136K, 0% used [0x00000000fcb00000,0x00000000fcb00000,0x00000000fe580000)
 ParOldGen       total 115200K, used 76978K [0x0000000080000000, 0x0000000087080000, 0x00000000d5580000)
  object space 115200K, 66% used [0x0000000080000000,0x0000000084b2cb80,0x0000000087080000)
 Metaspace       used 85423K, capacity 90482K, committed 90624K, reserved 1128448K
  class space    used 11556K, capacity 12501K, committed 12544K, reserved 1048576K
}
Event: 110.270 GC heap before
{Heap before GC invocations=26 (full 3):
 PSYoungGen      total 660992K, used 584361K [0x00000000d5580000, 0x0000000100000000, 0x0000000100000000)
  eden space 644608K, 89% used [0x00000000d5580000,0x00000000f865ec38,0x00000000fcb00000)
  from space 16384K, 61% used [0x00000000ff000000,0x00000000ff9cbba0,0x0000000100000000)
  to   space 27136K, 0% used [0x00000000fcb00000,0x00000000fcb00000,0x00000000fe580000)
 ParOldGen       total 115200K, used 76978K [0x0000000080000000, 0x0000000087080000, 0x00000000d5580000)
  object space 115200K, 66% used [0x0000000080000000,0x0000000084b2cb80,0x0000000087080000)
 Metaspace       used 92916K, capacity 98362K, committed 98496K, reserved 1134592K
  class space    used 12429K, capacity 13474K, committed 13568K, reserved 1048576K
Event: 110.327 GC heap after
Heap after GC invocations=26 (full 3):
 PSYoungGen      total 671744K, used 27117K [0x00000000d5580000, 0x0000000100000000, 0x0000000100000000)
  eden space 644608K, 0% used [0x00000000d5580000,0x00000000d5580000,0x00000000fcb00000)
  from space 27136K, 99% used [0x00000000fcb00000,0x00000000fe57b568,0x00000000fe580000)
  to   space 27136K, 0% used [0x00000000fe580000,0x00000000fe580000,0x0000000100000000)
 ParOldGen       total 115200K, used 90026K [0x0000000080000000, 0x0000000087080000, 0x00000000d5580000)
  object space 115200K, 78% used [0x0000000080000000,0x00000000857eaa20,0x0000000087080000)
 Metaspace       used 92916K, capacity 98362K, committed 98496K, reserved 1134592K
  class space    used 12429K, capacity 13474K, committed 13568K, reserved 1048576K
}
Event: 110.327 GC heap before
{Heap before GC invocations=27 (full 4):
 PSYoungGen      total 671744K, used 27117K [0x00000000d5580000, 0x0000000100000000, 0x0000000100000000)
  eden space 644608K, 0% used [0x00000000d5580000,0x00000000d5580000,0x00000000fcb00000)
  from space 27136K, 99% used [0x00000000fcb00000,0x00000000fe57b568,0x00000000fe580000)
  to   space 27136K, 0% used [0x00000000fe580000,0x00000000fe580000,0x0000000100000000)
 ParOldGen       total 115200K, used 90026K [0x0000000080000000, 0x0000000087080000, 0x00000000d5580000)
  object space 115200K, 78% used [0x0000000080000000,0x00000000857eaa20,0x0000000087080000)
 Metaspace       used 92916K, capacity 98362K, committed 98496K, reserved 1134592K
  class space    used 12429K, capacity 13474K, committed 13568K, reserved 1048576K
Event: 111.073 GC heap after
Heap after GC invocations=27 (full 4):
 PSYoungGen      total 671744K, used 0K [0x00000000d5580000, 0x0000000100000000, 0x0000000100000000)
  eden space 644608K, 0% used [0x00000000d5580000,0x00000000d5580000,0x00000000fcb00000)
  from space 27136K, 0% used [0x00000000fcb00000,0x00000000fcb00000,0x00000000fe580000)
  to   space 27136K, 0% used [0x00000000fe580000,0x00000000fe580000,0x0000000100000000)
 ParOldGen       total 227328K, used 104426K [0x0000000080000000, 0x000000008de00000, 0x00000000d5580000)
  object space 227328K, 45% used [0x0000000080000000,0x00000000865fabf0,0x000000008de00000)
 Metaspace       used 92305K, capacity 96636K, committed 98496K, reserved 1134592K
  class space    used 12230K, capacity 13093K, committed 13568K, reserved 1048576K
}
Event: 385.450 GC heap before
{Heap before GC invocations=28 (full 4):
 PSYoungGen      total 671744K, used 644608K [0x00000000d5580000, 0x0000000100000000, 0x0000000100000000)
  eden space 644608K, 100% used [0x00000000d5580000,0x00000000fcb00000,0x00000000fcb00000)
  from space 27136K, 0% used [0x00000000fcb00000,0x00000000fcb00000,0x00000000fe580000)
  to   space 27136K, 0% used [0x00000000fe580000,0x00000000fe580000,0x0000000100000000)
 ParOldGen       total 227328K, used 104426K [0x0000000080000000, 0x000000008de00000, 0x00000000d5580000)
  object space 227328K, 45% used [0x0000000080000000,0x00000000865fabf0,0x000000008de00000)
 Metaspace       used 103750K, capacity 108634K, committed 109312K, reserved 1144832K
  class space    used 13445K, capacity 14382K, committed 14592K, reserved 1048576K
Event: 386.480 GC heap after
Heap after GC invocations=28 (full 4):
 PSYoungGen      total 643072K, used 27124K [0x00000000d5580000, 0x0000000100000000, 0x0000000100000000)
  eden space 615936K, 0% used [0x00000000d5580000,0x00000000d5580000,0x00000000faf00000)
  from space 27136K, 99% used [0x00000000fe580000,0x00000000ffffd258,0x0000000100000000)
  to   space 41472K, 0% used [0x00000000faf00000,0x00000000faf00000,0x00000000fd780000)
 ParOldGen       total 227328K, used 109719K [0x0000000080000000, 0x000000008de00000, 0x00000000d5580000)
  object space 227328K, 48% used [0x0000000080000000,0x0000000086b25c88,0x000000008de00000)
 Metaspace       used 103750K, capacity 108634K, committed 109312K, reserved 1144832K
  class space    used 13445K, capacity 14382K, committed 14592K, reserved 1048576K
}

